Arguments: 
  C:\Program Files\nodejs\node.exe C:\Users\crkru\AppData\Roaming\npm\node_modules\yarn\bin\yarn.js add react-collapse

PATH: 
  C:\Program Files\Common Files\Oracle\Java\javapath;C:\Program Files (x86)\Common Files\Oracle\Java\javapath;C:\Windows\system32;C:\Windows;C:\Windows\System32\Wbem;C:\Windows\System32\WindowsPowerShell\v1.0\;C:\Windows\System32\OpenSSH\;C:\Program Files\NVIDIA Corporation\NVIDIA NvDLISR;C:\Program Files (x86)\NVIDIA Corporation\PhysX\Common;C:\MinGW\bin;C:\Program Files\Git\cmd;C:\Program Files\nodejs\;C:\Program Files\dotnet\;C:\Program Files\MATLAB\R2022b\bin;C:\Users\crkru\AppData\Local\Programs\Python\Python39\Scripts\;C:\Users\crkru\AppData\Local\Programs\Python\Python39\;C:\Users\crkru\AppData\Local\Microsoft\WindowsApps;C:\Users\crkru\AppData\Local\Programs\Microsoft VS Code\bin;C:\Users\crkru\AppData\Local\GitHubDesktop\bin;C:\Users\crkru\AppData\Roaming\npm;C:\Users\crkru\.dotnet\tools;C:\msys64\mingw64\bin;

Yarn version: 
  1.22.19

Node version: 
  16.13.1

Platform: 
  win32 x64

Trace: 
  Error: EPERM: operation not permitted, unlink 'C:\GitHub\bucha-barn\node_modules\esbuild-windows-64\esbuild.exe'

npm manifest: 
  {
    "name": "bucha-barn",
    "version": "0.1.0",
    "description": "",
    "license": "MIT",
    "scripts": {
      "start": "vite",
      "preview": "vite preview",
      "build": "vite build"
    },
    "dependencies": {
      "react": "^18.2.0",
      "react-dom": "^18.2.0"
    },
    "devDependencies": {
      "babel-preset-nano-react-app": "^0.1.0",
      "vite": "^3.2.1"
    },
    "babel": {
      "presets": [
        "nano-react-app"
      ]
    }
  }

yarn manifest: 
  No manifest

Lockfile: 
  No lockfile
